<?xml version="1.0" encoding="UTF-8"?>
<testsuite name="co.com.bancolombia.api.filter.GlobalExceptionFilterTest" tests="2" skipped="0" failures="0" errors="0" timestamp="2025-09-09T20:57:43.439Z" hostname="codespaces-915fc9" time="1.075">
  <properties/>
  <testcase name="shouldHandleEmailMismatchException()" classname="co.com.bancolombia.api.filter.GlobalExceptionFilterTest" time="1.07"/>
  <testcase name="shouldHandleMissingFieldException()" classname="co.com.bancolombia.api.filter.GlobalExceptionFilterTest" time="0.003"/>
  <system-out><![CDATA[]]></system-out>
  <system-err><![CDATA[]]></system-err>
</testsuite>
