<?xml version="1.0" encoding="UTF-8"?>
<testsuite name="co.com.bancolombia.api.config.ConfigTest" tests="2" skipped="0" failures="0" errors="0" timestamp="2025-09-10T15:22:08.646Z" hostname="codespaces-915fc9" time="0.055">
  <properties/>
  <testcase name="securityHeadersShouldBePresent()" classname="co.com.bancolombia.api.config.ConfigTest" time="0.039"/>
  <testcase name="corsConfigurationShouldAllowOrigins()" classname="co.com.bancolombia.api.config.ConfigTest" time="0.012"/>
  <system-out><![CDATA[
  .   ____          _            __ _ _
 /\\ / ___'_ __ _ _(_)_ __  __ _ \ \ \ \
( ( )\___ | '_ | '_| | '_ \/ _` | \ \ \ \
 \\/  ___)| |_)| | | | | || (_| |  ) ) ) )
  '  |____| .__|_| |_|_| |_\__, | / / / /
 =========|_|==============|___/=/_/_/_/

 :: Spring Boot ::                (v3.5.4)

2025-09-10T15:22:08.223Z  INFO 55203 --- [    Test worker] c.com.bancolombia.api.config.ConfigTest  : Starting ConfigTest using Java 17.0.10 with PID 55203 (started by codespace in /workspaces/prestamos-service/infrastructure/entry-points/reactive-web)
2025-09-10T15:22:08.224Z  INFO 55203 --- [    Test worker] c.com.bancolombia.api.config.ConfigTest  : No active profile set, falling back to 1 default profile: "default"
2025-09-10T15:22:08.638Z  INFO 55203 --- [    Test worker] c.com.bancolombia.api.config.ConfigTest  : Started ConfigTest in 0.529 seconds (process running for 39.064)
]]></system-out>
  <system-err><![CDATA[]]></system-err>
</testsuite>
