<?xml version="1.0" encoding="UTF-8"?>
<testsuite name="co.com.bancolombia.api.util.RequestValidatorTest" tests="3" skipped="0" failures="0" errors="0" timestamp="2025-09-09T20:57:44.517Z" hostname="codespaces-915fc9" time="0.182">
  <properties/>
  <testcase name="shouldThrowExceptionForNullAmount()" classname="co.com.bancolombia.api.util.RequestValidatorTest" time="0.082"/>
  <testcase name="shouldThrowExceptionForInvalidEmail()" classname="co.com.bancolombia.api.util.RequestValidatorTest" time="0.042"/>
  <testcase name="shouldValidateCorrectRequest()" classname="co.com.bancolombia.api.util.RequestValidatorTest" time="0.051"/>
  <system-out><![CDATA[]]></system-out>
  <system-err><![CDATA[]]></system-err>
</testsuite>
