<?xml version="1.0" encoding="UTF-8"?>
<testsuite name="co.com.bancolombia.api.config.ConfigTest" tests="2" skipped="0" failures="0" errors="0" timestamp="2025-09-09T20:57:43.310Z" hostname="codespaces-915fc9" time="0.121">
  <properties/>
  <testcase name="securityHeadersShouldBePresent()" classname="co.com.bancolombia.api.config.ConfigTest" time="0.093"/>
  <testcase name="corsConfigurationShouldAllowOrigins()" classname="co.com.bancolombia.api.config.ConfigTest" time="0.022"/>
  <system-out><![CDATA[
  .   ____          _            __ _ _
 /\\ / ___'_ __ _ _(_)_ __  __ _ \ \ \ \
( ( )\___ | '_ | '_| | '_ \/ _` | \ \ \ \
 \\/  ___)| |_)| | | | | || (_| |  ) ) ) )
  '  |____| .__|_| |_|_| |_\__, | / / / /
 =========|_|==============|___/=/_/_/_/

 :: Spring Boot ::                (v3.5.4)

2025-09-09T20:57:42.528Z  INFO 53688 --- [    Test worker] c.com.bancolombia.api.config.ConfigTest  : Starting ConfigTest using Java 17.0.10 with PID 53688 (started by codespace in /workspaces/prestamos-service/infrastructure/entry-points/reactive-web)
2025-09-09T20:57:42.530Z  INFO 53688 --- [    Test worker] c.com.bancolombia.api.config.ConfigTest  : No active profile set, falling back to 1 default profile: "default"
2025-09-09T20:57:43.291Z  INFO 53688 --- [    Test worker] c.com.bancolombia.api.config.ConfigTest  : Started ConfigTest in 0.931 seconds (process running for 62.732)
]]></system-out>
  <system-err><![CDATA[]]></system-err>
</testsuite>
