<?xml version="1.0" encoding="UTF-8"?>
<testsuite name="co.com.bancolombia.r2dbc.LoanAppAdapterTest" tests="2" skipped="0" failures="0" errors="0" timestamp="2025-09-10T21:12:31.841Z" hostname="codespaces-915fc9" time="10.523">
  <properties/>
  <testcase name="testRegister()" classname="co.com.bancolombia.r2dbc.LoanAppAdapterTest" time="10.459"/>
  <testcase name="testRegisterWithEmailMismatch()" classname="co.com.bancolombia.r2dbc.LoanAppAdapterTest" time="0.054"/>
  <system-out><![CDATA[]]></system-out>
  <system-err><![CDATA[]]></system-err>
</testsuite>
