<?xml version="1.0" encoding="UTF-8"?>
<testsuite name="co.com.bancolombia.model.PageResponseTest" tests="5" skipped="0" failures="0" errors="0" timestamp="2025-09-10T16:06:46.166Z" hostname="codespaces-915fc9" time="0.048">
  <properties/>
  <testcase name="testPageResponseEmptyContent()" classname="co.com.bancolombia.model.PageResponseTest" time="0.008"/>
  <testcase name="testPageResponseSettersAndGetters()" classname="co.com.bancolombia.model.PageResponseTest" time="0.008"/>
  <testcase name="testPageResponseAllArgsConstructor()" classname="co.com.bancolombia.model.PageResponseTest" time="0.004"/>
  <testcase name="testPageResponseBuilder()" classname="co.com.bancolombia.model.PageResponseTest" time="0.015"/>
  <testcase name="testPageResponseNoArgsConstructor()" classname="co.com.bancolombia.model.PageResponseTest" time="0.004"/>
  <system-out><![CDATA[]]></system-out>
  <system-err><![CDATA[]]></system-err>
</testsuite>
